<?xml version="1.0" encoding="UTF-8"?>
<!-- Generated by org.testng.reporters.JUnitXMLReporter -->
<testsuite ignored="1" hostname="LAPTOP-7R0J3O1P" failures="1" tests="3" name="Test" time="10.403" errors="0" timestamp="2023-07-31T10:26:21 IST">
  <testcase classname="com.test.TestClassCheck" name="LoginSteps" time="5.475"/>
  <testcase classname="com.test.TestClassCheck" name="LoginSteps" time="2.708"/>
  <testcase classname="com.test.TestClassCheck" name="checkLogin" time="2.014">
    <failure type="org.testng.internal.thread.ThreadTimeoutException" message="Method com.test.TestClassCheck.checkLogin() didn&amp;apos;t finish within the time-out 2000">
      <![CDATA[org.testng.internal.thread.ThreadTimeoutException: Method com.test.TestClassCheck.checkLogin() didn't finish within the time-out 2000
at java.base/java.util.ArrayList.forEach(ArrayList.java:1511)
... Removed 24 stack frames]]>
    </failure>
  </testcase> <!-- checkLogin -->
  <testcase classname="com.test.TestClassCheck" name="checkErrorsonPage" time="0.0">
    <ignored/>
  </testcase> <!-- checkErrorsonPage -->
</testsuite> <!-- Test -->
