<?xml version="1.0" encoding="UTF-8"?>
<testng-results ignored="1" total="4" passed="2" failed="1" skipped="0">
  <reporter-output>
  </reporter-output>
  <suite started-at="2023-07-31T10:26:10 IST" name="Suite" finished-at="2023-07-31T10:26:20 IST" duration-ms="10403">
    <groups>
      <group name="Sanity">
        <method signature="TestClassCheck.LoginSteps(java.lang.String)[pri:2, instance:com.test.TestClassCheck@15fa55a6]" name="LoginSteps" class="com.test.TestClassCheck"/>
        <method signature="TestClassCheck.checkLogin(java.lang.String)[pri:1, instance:com.test.TestClassCheck@15fa55a6]" name="checkLogin" class="com.test.TestClassCheck"/>
      </group> <!-- Sanity -->
    </groups>
    <test started-at="2023-07-31T10:26:10 IST" name="Test" finished-at="2023-07-31T10:26:20 IST" duration-ms="10403">
      <class name="com.test.TestClassCheck">
        <test-method signature="LoginSteps(java.lang.String)[pri:2, instance:com.test.TestClassCheck@15fa55a6]" started-at="2023-07-31T10:26:10 IST" name="LoginSteps" finished-at="2023-07-31T10:26:16 IST" duration-ms="5475" status="PASS">
          <params>
            <param index="0">
              <value>
                <![CDATA[https://www.google.com]]>
              </value>
            </param>
          </params>
          <reporter-output>
          </reporter-output>
        </test-method> <!-- LoginSteps -->
        <test-method signature="LoginSteps(java.lang.String)[pri:2, instance:com.test.TestClassCheck@15fa55a6]" started-at="2023-07-31T10:26:16 IST" name="LoginSteps" finished-at="2023-07-31T10:26:18 IST" duration-ms="2708" status="PASS">
          <params>
            <param index="0">
              <value>
                <![CDATA[https://www.google.com]]>
              </value>
            </param>
          </params>
          <reporter-output>
          </reporter-output>
        </test-method> <!-- LoginSteps -->
        <test-method signature="checkLogin(java.lang.String)[pri:1, instance:com.test.TestClassCheck@15fa55a6]" started-at="2023-07-31T10:26:18 IST" name="checkLogin" finished-at="2023-07-31T10:26:20 IST" depends-on-methods="com.test.TestClassCheck.LoginSteps" duration-ms="2014" status="FAIL">
          <params>
            <param index="0">
              <value>
                <![CDATA[https://app.vwo.com]]>
              </value>
            </param>
          </params>
          <exception class="org.testng.internal.thread.ThreadTimeoutException">
            <message>
              <![CDATA[Method com.test.TestClassCheck.checkLogin() didn't finish within the time-out 2000]]>
            </message>
            <full-stacktrace>
              <![CDATA[org.testng.internal.thread.ThreadTimeoutException: Method com.test.TestClassCheck.checkLogin() didn't finish within the time-out 2000
at org.testng.internal.MethodInvocationHelper.invokeWithTimeoutWithNewExecutor(MethodInvocationHelper.java:384)
at org.testng.internal.MethodInvocationHelper.invokeWithTimeout(MethodInvocationHelper.java:283)
at org.testng.internal.TestInvoker.invokeMethod(TestInvoker.java:604)
at org.testng.internal.TestInvoker.invokeTestMethod(TestInvoker.java:173)
at org.testng.internal.MethodRunner.runInSequence(MethodRunner.java:46)
at org.testng.internal.TestInvoker$MethodInvocationAgent.invoke(TestInvoker.java:824)
at org.testng.internal.TestInvoker.invokeTestMethods(TestInvoker.java:146)
at org.testng.internal.TestMethodWorker.invokeTestMethods(TestMethodWorker.java:146)
at org.testng.internal.TestMethodWorker.run(TestMethodWorker.java:128)
at java.base/java.util.ArrayList.forEach(ArrayList.java:1511)
at org.testng.TestRunner.privateRun(TestRunner.java:794)
at org.testng.TestRunner.run(TestRunner.java:596)
at org.testng.SuiteRunner.runTest(SuiteRunner.java:377)
at org.testng.SuiteRunner.runSequentially(SuiteRunner.java:371)
at org.testng.SuiteRunner.privateRun(SuiteRunner.java:332)
at org.testng.SuiteRunner.run(SuiteRunner.java:276)
at org.testng.SuiteRunnerWorker.runSuite(SuiteRunnerWorker.java:53)
at org.testng.SuiteRunnerWorker.run(SuiteRunnerWorker.java:96)
at org.testng.TestNG.runSuitesSequentially(TestNG.java:1212)
at org.testng.TestNG.runSuitesLocally(TestNG.java:1134)
at org.testng.TestNG.runSuites(TestNG.java:1063)
at org.testng.TestNG.run(TestNG.java:1031)
at org.testng.remote.AbstractRemoteTestNG.run(AbstractRemoteTestNG.java:115)
at org.testng.remote.RemoteTestNG.initAndRun(RemoteTestNG.java:251)
at org.testng.remote.RemoteTestNG.main(RemoteTestNG.java:77)
]]>
            </full-stacktrace>
          </exception> <!-- org.testng.internal.thread.ThreadTimeoutException -->
          <reporter-output>
          </reporter-output>
        </test-method> <!-- checkLogin -->
      </class> <!-- com.test.TestClassCheck -->
    </test> <!-- Test -->
  </suite> <!-- Suite -->
</testng-results>
